==5339== Memcheck, a memory error detector
==5339== Copyright (C) 2002-2015, and GNU GPL'd, by Julian Seward et al.
==5339== Using Valgrind-3.11.0 and LibVEX; rerun with -h for copyright info
==5339== Command: ./cmake-build-debug/lem_in
==5339== Parent PID: 3507
==5339== 
==5339== 
==5339== HEAP SUMMARY:
==5339==     in use at exit: 1,751 bytes in 116 blocks
==5339==   total heap usage: 350 allocs, 234 frees, 88,613 bytes allocated
==5339== 
==5339== 4 bytes in 1 blocks are definitely lost in loss record 6 of 39
==5339==    at 0x4C2DB8F: malloc (in /usr/lib/valgrind/vgpreload_memcheck-amd64-linux.so)
==5339==    by 0x404D43: ft_strdup (ft_strdup.c:22)
==5339==    by 0x401246: cheak_all_rooms (cheak_rooms.c:40)
==5339==    by 0x4007CE: ft_next_main (main.c:19)
==5339==    by 0x400902: main (main.c:49)
==5339== 
==5339== 4 bytes in 2 blocks are definitely lost in loss record 7 of 39
==5339==    at 0x4C2DB8F: malloc (in /usr/lib/valgrind/vgpreload_memcheck-amd64-linux.so)
==5339==    by 0x404D43: ft_strdup (ft_strdup.c:22)
==5339==    by 0x401DD0: ft_malloc (flipping.c:9)
==5339==    by 0x401E9D: flipping (flipping.c:29)
==5339==    by 0x400F12: flip_and_len_ways (cheack_ways.c:12)
==5339==    by 0x403B18: next_next_main (next_main.c:69)
==5339==    by 0x40093A: main (main.c:54)
==5339== 
==5339== 6 bytes in 1 blocks are definitely lost in loss record 11 of 39
==5339==    at 0x4C2DB8F: malloc (in /usr/lib/valgrind/vgpreload_memcheck-amd64-linux.so)
==5339==    by 0x404E2A: ft_strjoin (ft_strjoin.c:30)
==5339==    by 0x402124: kkk (get_next_line.c:42)
==5339==    by 0x4022B5: w (get_next_line.c:78)
==5339==    by 0x40239F: sear (get_next_line.c:104)
==5339==    by 0x40246B: get_next_line (get_next_line.c:126)
==5339==    by 0x403E04: start (start_end.c:24)
==5339==    by 0x40118E: ft_cycle (cheak_rooms.c:23)
==5339==    by 0x401290: cheak_all_rooms (cheak_rooms.c:46)
==5339==    by 0x4007CE: ft_next_main (main.c:19)
==5339==    by 0x400902: main (main.c:49)
==5339== 
==5339== 7 bytes in 1 blocks are definitely lost in loss record 12 of 39
==5339==    at 0x4C2DB8F: malloc (in /usr/lib/valgrind/vgpreload_memcheck-amd64-linux.so)
==5339==    by 0x402742: check_rooms (help.c:60)
==5339==    by 0x403E6A: start (start_end.c:29)
==5339==    by 0x40118E: ft_cycle (cheak_rooms.c:23)
==5339==    by 0x401290: cheak_all_rooms (cheak_rooms.c:46)
==5339==    by 0x4007CE: ft_next_main (main.c:19)
==5339==    by 0x400902: main (main.c:49)
==5339== 
==5339== 7 bytes in 1 blocks are definitely lost in loss record 13 of 39
==5339==    at 0x4C2DB8F: malloc (in /usr/lib/valgrind/vgpreload_memcheck-amd64-linux.so)
==5339==    by 0x404E2A: ft_strjoin (ft_strjoin.c:30)
==5339==    by 0x402124: kkk (get_next_line.c:42)
==5339==    by 0x4022B5: w (get_next_line.c:78)
==5339==    by 0x40239F: sear (get_next_line.c:104)
==5339==    by 0x40246B: get_next_line (get_next_line.c:126)
==5339==    by 0x403D15: end (start_end.c:6)
==5339==    by 0x4011EA: ft_cycle (cheak_rooms.c:30)
==5339==    by 0x401290: cheak_all_rooms (cheak_rooms.c:46)
==5339==    by 0x4007CE: ft_next_main (main.c:19)
==5339==    by 0x400902: main (main.c:49)
==5339== 
==5339== 8 bytes in 1 blocks are definitely lost in loss record 18 of 39
==5339==    at 0x4C2DB8F: malloc (in /usr/lib/valgrind/vgpreload_memcheck-amd64-linux.so)
==5339==    by 0x402742: check_rooms (help.c:60)
==5339==    by 0x403D7B: end (start_end.c:10)
==5339==    by 0x4011EA: ft_cycle (cheak_rooms.c:30)
==5339==    by 0x401290: cheak_all_rooms (cheak_rooms.c:46)
==5339==    by 0x4007CE: ft_next_main (main.c:19)
==5339==    by 0x400902: main (main.c:49)
==5339== 
==5339== 8 bytes in 4 blocks are definitely lost in loss record 19 of 39
==5339==    at 0x4C2DB8F: malloc (in /usr/lib/valgrind/vgpreload_memcheck-amd64-linux.so)
==5339==    by 0x404D43: ft_strdup (ft_strdup.c:22)
==5339==    by 0x400BCB: building_the_way (building_way.c:48)
==5339==    by 0x4038B0: three_next_f (next_main.c:39)
==5339==    by 0x403AA9: next_next_main (next_main.c:65)
==5339==    by 0x40093A: main (main.c:54)
==5339== 
==5339== 37 (32 direct, 5 indirect) bytes in 1 blocks are definitely lost in loss record 21 of 39
==5339==    at 0x4C2DB8F: malloc (in /usr/lib/valgrind/vgpreload_memcheck-amd64-linux.so)
==5339==    by 0x4012BD: cheak_all_rooms (cheak_rooms.c:53)
==5339==    by 0x4007CE: ft_next_main (main.c:19)
==5339==    by 0x400902: main (main.c:49)
==5339== 
==5339== 52 (24 direct, 28 indirect) bytes in 1 blocks are definitely lost in loss record 24 of 39
==5339==    at 0x4C2DB8F: malloc (in /usr/lib/valgrind/vgpreload_memcheck-amd64-linux.so)
==5339==    by 0x401D29: ft_copy (copy.c:20)
==5339==    by 0x404230: encl_serch_ways2 (way.c:21)
==5339==    by 0x4045A4: serch_ways (way.c:90)
==5339==    by 0x400AB1: enclosed_bulid_way (building_way.c:27)
==5339==    by 0x400BF9: building_the_way (building_way.c:50)
==5339==    by 0x4038B0: three_next_f (next_main.c:39)
==5339==    by 0x403AA9: next_next_main (next_main.c:65)
==5339==    by 0x40093A: main (main.c:54)
==5339== 
==5339== 64 bytes in 2 blocks are definitely lost in loss record 25 of 39
==5339==    at 0x4C2DB8F: malloc (in /usr/lib/valgrind/vgpreload_memcheck-amd64-linux.so)
==5339==    by 0x404422: serch_ways2 (way.c:62)
==5339==    by 0x4042E5: encl_serch_ways2 (way.c:30)
==5339==    by 0x4045A4: serch_ways (way.c:90)
==5339==    by 0x400AB1: enclosed_bulid_way (building_way.c:27)
==5339==    by 0x400BF9: building_the_way (building_way.c:50)
==5339==    by 0x4038B0: three_next_f (next_main.c:39)
==5339==    by 0x403AA9: next_next_main (next_main.c:65)
==5339==    by 0x40093A: main (main.c:54)
==5339== 
==5339== 64 bytes in 9 blocks are definitely lost in loss record 26 of 39
==5339==    at 0x4C2DB8F: malloc (in /usr/lib/valgrind/vgpreload_memcheck-amd64-linux.so)
==5339==    by 0x402742: check_rooms (help.c:60)
==5339==    by 0x4012EB: cheak_all_rooms (cheak_rooms.c:55)
==5339==    by 0x4007CE: ft_next_main (main.c:19)
==5339==    by 0x400902: main (main.c:49)
==5339== 
==5339== 73 bytes in 12 blocks are definitely lost in loss record 28 of 39
==5339==    at 0x4C2DB8F: malloc (in /usr/lib/valgrind/vgpreload_memcheck-amd64-linux.so)
==5339==    by 0x404E2A: ft_strjoin (ft_strjoin.c:30)
==5339==    by 0x402124: kkk (get_next_line.c:42)
==5339==    by 0x4022B5: w (get_next_line.c:78)
==5339==    by 0x40239F: sear (get_next_line.c:104)
==5339==    by 0x40246B: get_next_line (get_next_line.c:126)
==5339==    by 0x4013DD: cheak_all_rooms (cheak_rooms.c:38)
==5339==    by 0x4007CE: ft_next_main (main.c:19)
==5339==    by 0x400902: main (main.c:49)
==5339== 
==5339== 78 (24 direct, 54 indirect) bytes in 1 blocks are definitely lost in loss record 29 of 39
==5339==    at 0x4C2DB8F: malloc (in /usr/lib/valgrind/vgpreload_memcheck-amd64-linux.so)
==5339==    by 0x401CAF: ft_copy (copy.c:10)
==5339==    by 0x404230: encl_serch_ways2 (way.c:21)
==5339==    by 0x4045A4: serch_ways (way.c:90)
==5339==    by 0x400AB1: enclosed_bulid_way (building_way.c:27)
==5339==    by 0x400BF9: building_the_way (building_way.c:50)
==5339==    by 0x4038B0: three_next_f (next_main.c:39)
==5339==    by 0x403AA9: next_next_main (next_main.c:65)
==5339==    by 0x40093A: main (main.c:54)
==5339== 
==5339== 96 bytes in 3 blocks are definitely lost in loss record 33 of 39
==5339==    at 0x4C2DB8F: malloc (in /usr/lib/valgrind/vgpreload_memcheck-amd64-linux.so)
==5339==    by 0x404422: serch_ways2 (way.c:62)
==5339==    by 0x4043EA: e_serch_ways22 (way.c:51)
==5339==    by 0x4044DF: serch_ways2 (way.c:71)
==5339==    by 0x4043EA: e_serch_ways22 (way.c:51)
==5339==    by 0x4044DF: serch_ways2 (way.c:71)
==5339==    by 0x4043EA: e_serch_ways22 (way.c:51)
==5339==    by 0x4044DF: serch_ways2 (way.c:71)
==5339==    by 0x4043EA: e_serch_ways22 (way.c:51)
==5339==    by 0x4045EE: serch_ways (way.c:92)
==5339==    by 0x400AB1: enclosed_bulid_way (building_way.c:27)
==5339==    by 0x400BF9: building_the_way (building_way.c:50)
==5339== 
==5339== 104 (48 direct, 56 indirect) bytes in 2 blocks are definitely lost in loss record 34 of 39
==5339==    at 0x4C2DB8F: malloc (in /usr/lib/valgrind/vgpreload_memcheck-amd64-linux.so)
==5339==    by 0x401DB4: ft_malloc (flipping.c:7)
==5339==    by 0x401F05: flipping (flipping.c:41)
==5339==    by 0x400F12: flip_and_len_ways (cheack_ways.c:12)
==5339==    by 0x403B18: next_next_main (next_main.c:69)
==5339==    by 0x40093A: main (main.c:54)
==5339== 
==5339== 128 bytes in 4 blocks are definitely lost in loss record 35 of 39
==5339==    at 0x4C2DB8F: malloc (in /usr/lib/valgrind/vgpreload_memcheck-amd64-linux.so)
==5339==    by 0x404422: serch_ways2 (way.c:62)
==5339==    by 0x4043EA: e_serch_ways22 (way.c:51)
==5339==    by 0x4044DF: serch_ways2 (way.c:71)
==5339==    by 0x4043EA: e_serch_ways22 (way.c:51)
==5339==    by 0x4045EE: serch_ways (way.c:92)
==5339==    by 0x400AB1: enclosed_bulid_way (building_way.c:27)
==5339==    by 0x400BF9: building_the_way (building_way.c:50)
==5339==    by 0x4038B0: three_next_f (next_main.c:39)
==5339==    by 0x403AA9: next_next_main (next_main.c:65)
==5339==    by 0x40093A: main (main.c:54)
==5339== 
==5339== 128 bytes in 4 blocks are definitely lost in loss record 36 of 39
==5339==    at 0x4C2DB8F: malloc (in /usr/lib/valgrind/vgpreload_memcheck-amd64-linux.so)
==5339==    by 0x404422: serch_ways2 (way.c:62)
==5339==    by 0x4043EA: e_serch_ways22 (way.c:51)
==5339==    by 0x4044DF: serch_ways2 (way.c:71)
==5339==    by 0x4043EA: e_serch_ways22 (way.c:51)
==5339==    by 0x4044DF: serch_ways2 (way.c:71)
==5339==    by 0x4043EA: e_serch_ways22 (way.c:51)
==5339==    by 0x4045EE: serch_ways (way.c:92)
==5339==    by 0x400AB1: enclosed_bulid_way (building_way.c:27)
==5339==    by 0x400BF9: building_the_way (building_way.c:50)
==5339==    by 0x4038B0: three_next_f (next_main.c:39)
==5339==    by 0x403AA9: next_next_main (next_main.c:65)
==5339== 
==5339== 192 bytes in 6 blocks are definitely lost in loss record 37 of 39
==5339==    at 0x4C2DB8F: malloc (in /usr/lib/valgrind/vgpreload_memcheck-amd64-linux.so)
==5339==    by 0x404537: serch_ways (way.c:83)
==5339==    by 0x400AB1: enclosed_bulid_way (building_way.c:27)
==5339==    by 0x400BF9: building_the_way (building_way.c:50)
==5339==    by 0x4038B0: three_next_f (next_main.c:39)
==5339==    by 0x403AA9: next_next_main (next_main.c:65)
==5339==    by 0x40093A: main (main.c:54)
==5339== 
==5339== 192 bytes in 6 blocks are definitely lost in loss record 38 of 39
==5339==    at 0x4C2DB8F: malloc (in /usr/lib/valgrind/vgpreload_memcheck-amd64-linux.so)
==5339==    by 0x404422: serch_ways2 (way.c:62)
==5339==    by 0x4043EA: e_serch_ways22 (way.c:51)
==5339==    by 0x4045EE: serch_ways (way.c:92)
==5339==    by 0x400AB1: enclosed_bulid_way (building_way.c:27)
==5339==    by 0x400BF9: building_the_way (building_way.c:50)
==5339==    by 0x4038B0: three_next_f (next_main.c:39)
==5339==    by 0x403AA9: next_next_main (next_main.c:65)
==5339==    by 0x40093A: main (main.c:54)
==5339== 
==5339== 494 (96 direct, 398 indirect) bytes in 4 blocks are definitely lost in loss record 39 of 39
==5339==    at 0x4C2DB8F: malloc (in /usr/lib/valgrind/vgpreload_memcheck-amd64-linux.so)
==5339==    by 0x400A41: enclosed_bulid_way (building_way.c:23)
==5339==    by 0x400BF9: building_the_way (building_way.c:50)
==5339==    by 0x4038B0: three_next_f (next_main.c:39)
==5339==    by 0x403AA9: next_next_main (next_main.c:65)
==5339==    by 0x40093A: main (main.c:54)
==5339== 
==5339== LEAK SUMMARY:
==5339==    definitely lost: 1,205 bytes in 66 blocks
==5339==    indirectly lost: 541 bytes in 49 blocks
==5339==      possibly lost: 0 bytes in 0 blocks
==5339==    still reachable: 5 bytes in 1 blocks
==5339==         suppressed: 0 bytes in 0 blocks
==5339== Reachable blocks (those to which a pointer was found) are not shown.
==5339== To see them, rerun with: --leak-check=full --show-leak-kinds=all
==5339== 
==5339== For counts of detected and suppressed errors, rerun with: -v
==5339== ERROR SUMMARY: 20 errors from 20 contexts (suppressed: 0 from 0)
